Running: /opt/Xilinx/14.7/ISE_DS/ISE/bin/lin64/unwrapped/fuse -intstyle ise -incremental -lib unisims_ver -lib unimacro_ver -lib xilinxcorelib_ver -o /home/ise/F8_code/VERILOG/LED_TTR/LED_DICH_TTR/tb_LED_SANG_DICH_TTR_isim_beh.exe -prj /home/ise/F8_code/VERILOG/LED_TTR/LED_DICH_TTR/tb_LED_SANG_DICH_TTR_beh.prj work.tb_LED_SANG_DICH_TTR work.glbl 
ISim P.20131013 (signature 0xfbc00daa)
Number of CPUs detected in this system: 1
Turning on mult-threading, number of parallel sub-compilation jobs: 0 
Determining compilation order of HDL files
Analyzing Verilog file "/home/ise/F8_code/VERILOG/LED_TTR/LED_DICH_TTR/../LED_DICH_TTR.v" into library work
Analyzing Verilog file "/home/ise/F8_code/VERILOG/LED_TTR/LED_DICH_TTR/../test.v" into library work
Analyzing Verilog file "/opt/Xilinx/14.7/ISE_DS/ISE//verilog/src/glbl.v" into library work
Starting static elaboration
Completed static elaboration
Fuse Memory Usage: 94912 KB
Fuse CPU Usage: 1450 ms
Compiling module LED_SANG_DICH_TTR
Compiling module tb_LED_SANG_DICH_TTR
Compiling module glbl
Time Resolution for simulation is 1ps.
Compiled 3 Verilog Units
Built simulation executable /home/ise/F8_code/VERILOG/LED_TTR/LED_DICH_TTR/tb_LED_SANG_DICH_TTR_isim_beh.exe
Fuse Memory Usage: 98024 KB
Fuse CPU Usage: 1470 ms
GCC CPU Usage: 310 ms
