Running: /opt/Xilinx/14.7/ISE_DS/ISE/bin/lin64/unwrapped/fuse -intstyle ise -incremental -lib unisims_ver -lib unimacro_ver -lib xilinxcorelib_ver -o /home/ise/F8_code/VERILOG/Synchronous_Counter/DB_Counter_4bit/test_isim_beh.exe -prj /home/ise/F8_code/VERILOG/Synchronous_Counter/DB_Counter_4bit/test_beh.prj work.test work.glbl 
ISim P.20131013 (signature 0xfbc00daa)
Number of CPUs detected in this system: 1
Turning on mult-threading, number of parallel sub-compilation jobs: 0 
Determining compilation order of HDL files
Analyzing Verilog file "/home/ise/F8_code/VERILOG/Synchronous_Counter/DB_Counter_4bit/../DB_Counter_4bit.v" into library work
Analyzing Verilog file "/home/ise/F8_code/VERILOG/Synchronous_Counter/DB_Counter_4bit/../test.v" into library work
Analyzing Verilog file "/opt/Xilinx/14.7/ISE_DS/ISE//verilog/src/glbl.v" into library work
Starting static elaboration
Completed static elaboration
Fuse Memory Usage: 94928 KB
Fuse CPU Usage: 1770 ms
Compiling module TFF
Compiling module counter_4bit_TFF
Compiling module test
Compiling module glbl
Time Resolution for simulation is 1ps.
Compiled 4 Verilog Units
Built simulation executable /home/ise/F8_code/VERILOG/Synchronous_Counter/DB_Counter_4bit/test_isim_beh.exe
Fuse Memory Usage: 98028 KB
Fuse CPU Usage: 1830 ms
GCC CPU Usage: 450 ms
