ISim log file
Running: /home/ise/F8_code/VERILOG/MUX2_1/MUX2_1/tb_mux2_1_isim_beh.exe -intstyle ise -gui -tclbatch isim.cmd -wdb /home/ise/F8_code/VERILOG/MUX2_1/MUX2_1/tb_mux2_1_isim_beh.wdb 
ISim P.20131013 (signature 0xfbc00daa)
----------------------------------------------------------------------
WARNING:Security:42 - Your software subscription period has lapsed. Your current version of Xilinx tools will continue to function, but you no longer qualify for Xilinx software updates or new releases.


----------------------------------------------------------------------
This is a Full version of ISim.
Time resolution is 1 ps
# onerror resume
# wave add /
# run 1000 ns
Simulator is doing circuit initialization process.
time	I0 I1 sel | out
------------------------
Finished circuit initialization process.
10ns	0  0  0   |  0
20ns	0  0  1   |  0
30ns	0  1  0   |  0
40ns	0  1  1   |  1
50ns	1  0  0   |  1
60ns	1  0  1   |  0
70ns	1  1  0   |  1
80ns	1  1  1   |  1
Test completed.
Stopped at time : 90 ns : File "/home/ise/F8_code/VERILOG/MUX2_1/test.v" Line 32
# exit 0
