Running: /opt/Xilinx/14.7/ISE_DS/ISE/bin/lin64/unwrapped/fuse -intstyle ise -incremental -lib unisims_ver -lib unimacro_ver -lib xilinxcorelib_ver -o /home/ise/F8_code/VERILOG/HOMEWORK_C5_4/LED_C5_4/tb_LED_2SIDE_TO_CENTER_isim_beh.exe -prj /home/ise/F8_code/VERILOG/HOMEWORK_C5_4/LED_C5_4/tb_LED_2SIDE_TO_CENTER_beh.prj work.tb_LED_2SIDE_TO_CENTER work.glbl 
ISim P.20131013 (signature 0xfbc00daa)
Number of CPUs detected in this system: 1
Turning on mult-threading, number of parallel sub-compilation jobs: 0 
Determining compilation order of HDL files
Analyzing Verilog file "/home/ise/F8_code/VERILOG/HOMEWORK_C5_4/LED_C5_4/../LED_C5_4.v" into library work
Analyzing Verilog file "/home/ise/F8_code/VERILOG/HOMEWORK_C5_4/LED_C5_4/../test.v" into library work
Analyzing Verilog file "/opt/Xilinx/14.7/ISE_DS/ISE//verilog/src/glbl.v" into library work
Starting static elaboration
Completed static elaboration
Fuse Memory Usage: 94932 KB
Fuse CPU Usage: 1760 ms
Compiling module LED_2SIDE_TO_CENTER(DIV_00=4,DIV...
Compiling module tb_LED_2SIDE_TO_CENTER
Compiling module glbl
Time Resolution for simulation is 1ps.
Compiled 3 Verilog Units
Built simulation executable /home/ise/F8_code/VERILOG/HOMEWORK_C5_4/LED_C5_4/tb_LED_2SIDE_TO_CENTER_isim_beh.exe
Fuse Memory Usage: 98060 KB
Fuse CPU Usage: 1800 ms
GCC CPU Usage: 420 ms
