Running: /opt/Xilinx/14.7/ISE_DS/ISE/bin/lin64/unwrapped/fuse -intstyle ise -incremental -lib unisims_ver -lib unimacro_ver -lib xilinxcorelib_ver -o /home/ise/F8_code/VERILOG/LED_TNV/LED_DICH_TNV/tb_LED_SANG_DICH_TNV_isim_beh.exe -prj /home/ise/F8_code/VERILOG/LED_TNV/LED_DICH_TNV/tb_LED_SANG_DICH_TNV_beh.prj work.tb_LED_SANG_DICH_TNV work.glbl 
ISim P.20131013 (signature 0xfbc00daa)
Number of CPUs detected in this system: 1
Turning on mult-threading, number of parallel sub-compilation jobs: 0 
Determining compilation order of HDL files
Analyzing Verilog file "/home/ise/F8_code/VERILOG/LED_TNV/LED_DICH_TNV/../LED_DICH_TNV.v" into library work
Analyzing Verilog file "/home/ise/F8_code/VERILOG/LED_TNV/LED_DICH_TNV/../test.v" into library work
Analyzing Verilog file "/opt/Xilinx/14.7/ISE_DS/ISE//verilog/src/glbl.v" into library work
Starting static elaboration
Completed static elaboration
Fuse Memory Usage: 94920 KB
Fuse CPU Usage: 1510 ms
Compiling module LED_SANG_DICH_TNV
Compiling module tb_LED_SANG_DICH_TNV
Compiling module glbl
Time Resolution for simulation is 1ps.
Compiled 3 Verilog Units
Built simulation executable /home/ise/F8_code/VERILOG/LED_TNV/LED_DICH_TNV/tb_LED_SANG_DICH_TNV_isim_beh.exe
Fuse Memory Usage: 98032 KB
Fuse CPU Usage: 1540 ms
GCC CPU Usage: 330 ms
